[31-Aug-2024 01:48:13 UTC] PHP Warning:  Attempt to read property "title" on null in C:\Users\JALLAD\Local Sites\jafar-jallad\app\public\wp-includes\class-wp-customize-widgets.php on line 905
[09-Sep-2024 12:02:16 UTC] PHP Fatal error:  Uncaught Error: Call to undefined function Elementor\Core\get_plugins() in C:\Users\JALLAD\Local Sites\jafar-jallad\app\public\wp-content\plugins\elementor\core\wp-api.php:26
Stack trace:
#0 C:\Users\JALLAD\Local Sites\jafar-jallad\app\public\wp-content\plugins\elementor\modules\compatibility-tag\base-module.php(96): Elementor\Core\Wp_Api->get_plugins()
#1 C:\Users\JALLAD\Local Sites\jafar-jallad\app\public\wp-content\plugins\elementor\modules\compatibility-tag\base-module.php(58): Elementor\Modules\CompatibilityTag\Base_Module->get_plugins_with_header()
#2 C:\Users\JALLAD\Local Sites\jafar-jallad\app\public\wp-content\plugins\elementor\modules\compatibility-tag\module.php(57): Elementor\Modules\CompatibilityTag\Base_Module->get_plugins_to_check()
#3 C:\Users\JALLAD\Local Sites\jafar-jallad\app\public\wp-content\plugins\elementor\modules\compatibility-tag\base-module.php(148): Elementor\Modules\CompatibilityTag\Module->get_plugins_to_check()
#4 C:\Users\JALLAD\Local Sites\jafar-jallad\app\public\wp-includes\class-wp-hook.php(324): Elementor\Modules\CompatibilityTag\Base_Module->Elementor\Modules\CompatibilityTag\{closure}('')
#5 C:\Users\JALLAD\Local Sites\jafar-jallad\app\public\wp-includes\class-wp-hook.php(348): WP_Hook->apply_filters('', Array)
#6 C:\Users\JALLAD\Local Sites\jafar-jallad\app\public\wp-includes\plugin.php(517): WP_Hook->do_action(Array)
#7 C:\Users\JALLAD\Local Sites\jafar-jallad\app\public\wp-content\plugins\elementor\modules\system-info\module.php(338): do_action('elementor/syste...')
#8 C:\Users\JALLAD\Local Sites\jafar-jallad\app\public\wp-content\plugins\elementor\includes\tracker.php(241): Elementor\Modules\System_Info\Module::get_allowed_reports()
#9 C:\Users\JALLAD\Local Sites\jafar-jallad\app\public\wp-content\plugins\elementor\includes\tracker.php(540): Elementor\Tracker::get_system_reports_data()
#10 C:\Users\JALLAD\Local Sites\jafar-jallad\app\public\wp-content\plugins\elementor\includes\tracker.php(141): Elementor\Tracker::get_tracking_data(false)
#11 C:\Users\JALLAD\Local Sites\jafar-jallad\app\public\wp-includes\class-wp-hook.php(324): Elementor\Tracker::send_tracking_data()
#12 C:\Users\JALLAD\Local Sites\jafar-jallad\app\public\wp-includes\class-wp-hook.php(348): WP_Hook->apply_filters('', Array)
#13 C:\Users\JALLAD\Local Sites\jafar-jallad\app\public\wp-includes\plugin.php(565): WP_Hook->do_action(Array)
#14 C:\Users\JALLAD\Local Sites\jafar-jallad\app\public\wp-cron.php(191): do_action_ref_array('elementor/track...', Array)
#15 {main}
  thrown in C:\Users\JALLAD\Local Sites\jafar-jallad\app\public\wp-content\plugins\elementor\core\wp-api.php on line 26
[29-Dec-2024 12:42:44 UTC] PHP Fatal error:  Uncaught Error: Call to undefined function wp_get_wp_version() in C:\Users\JALLAD\Local Sites\jafar-jallad\app\public\wp-admin\includes\plugin-install.php:116
Stack trace:
#0 C:\Users\JALLAD\Local Sites\jafar-jallad\app\public\wp-content\plugins\elementor\includes\settings\tools.php(216): plugins_api('plugin_informat...', Object(stdClass))
#1 C:\Users\JALLAD\Local Sites\jafar-jallad\app\public\wp-content\plugins\elementor\includes\settings\tools.php(283): Elementor\Tools->get_rollback_versions()
#2 C:\Users\JALLAD\Local Sites\jafar-jallad\app\public\wp-content\plugins\elementor\includes\settings\settings-page.php(423): Elementor\Tools->create_tabs()
#3 C:\Users\JALLAD\Local Sites\jafar-jallad\app\public\wp-content\plugins\elementor\includes\settings\settings-page.php(121): Elementor\Settings_Page->ensure_tabs()
#4 C:\Users\JALLAD\Local Sites\jafar-jallad\app\public\wp-content\plugins\elementor\includes\tracker.php(595): Elementor\Settings_Page->get_tabs()
#5 C:\Users\JALLAD\Local Sites\jafar-jallad\app\public\wp-content\plugins\elementor\includes\tracker.php(446): Elementor\Tracker::get_tracking_data_from_tools('general')
#6 C:\Users\JALLAD\Local Sites\jafar-jallad\app\public\wp-content\plugins\elementor\includes\tracker.php(553): Elementor\Tracker::get_tools_general_usage()
#7 C:\Users\JALLAD\Local Sites\jafar-jallad\app\public\wp-content\plugins\elementor\includes\tracker.php(141): Elementor\Tracker::get_tracking_data(false)
#8 C:\Users\JALLAD\Local Sites\jafar-jallad\app\public\wp-includes\class-wp-hook.php(324): Elementor\Tracker::send_tracking_data()
#9 C:\Users\JALLAD\Local Sites\jafar-jallad\app\public\wp-includes\class-wp-hook.php(348): WP_Hook->apply_filters('', Array)
#10 C:\Users\JALLAD\Local Sites\jafar-jallad\app\public\wp-includes\plugin.php(565): WP_Hook->do_action(Array)
#11 C:\Users\JALLAD\Local Sites\jafar-jallad\app\public\wp-cron.php(191): do_action_ref_array('elementor/track...', Array)
#12 {main}
  thrown in C:\Users\JALLAD\Local Sites\jafar-jallad\app\public\wp-admin\includes\plugin-install.php on line 116
[29-Dec-2024 12:45:17 UTC] PHP Warning:  Attempt to read property "title" on null in C:\Users\JALLAD\Local Sites\jafar-jallad\app\public\wp-includes\class-wp-customize-widgets.php on line 923
[29-Dec-2024 12:57:53 UTC] PHP Warning:  Attempt to read property "title" on null in C:\Users\JALLAD\Local Sites\jafar-jallad\app\public\wp-includes\class-wp-customize-widgets.php on line 923
[29-Dec-2024 13:02:36 UTC] PHP Warning:  Attempt to read property "title" on null in C:\Users\JALLAD\Local Sites\jafar-jallad\app\public\wp-includes\class-wp-customize-widgets.php on line 923
[29-Dec-2024 13:10:14 UTC] Cron reschedule event error for hook: wp_version_check, Error code: could_not_set, Error message: The cron event list could not be saved., Data: {"schedule":"twicedaily","args":[],"interval":43200}
